<?xml version="1.0" encoding="UTF-8"?>
<!-- Generated by org.testng.reporters.JUnitReportReporter -->
<testsuite hostname="DESKTOP-18PPN0H" failures="0" tests="1" name="com.test.TestNgProgram" time="0.023" errors="0" timestamp="2022-11-07T10:09:34 IST" skipped="0">
  <testcase classname="com.test.TestNgProgram" name="titleTest" time="0.023"/>
  <system-out/>
</testsuite> <!-- com.test.TestNgProgram -->
